<?xml version="1.0" encoding="UTF-8"?>
<mule
	    xmlns="http://www.mulesoft.org/schema/mule/core"
        xmlns:xsi="http://www.w3.org/2001/XMLSchema-instance"
        xmlns:spring="http://www.springframework.org/schema/beans"
        xmlns:doc="http://www.mulesoft.org/schema/mule/documentation"
        xmlns:apikit="http://www.mulesoft.org/schema/mule/apikit"
		xmlns:http="http://www.mulesoft.org/schema/mule/http"
        xsi:schemaLocation="
               http://www.mulesoft.org/schema/mule/core http://www.mulesoft.org/schema/mule/core/current/mule.xsd
               http://www.mulesoft.org/schema/mule/http http://www.mulesoft.org/schema/mule/http/current/mule-http.xsd
               http://www.mulesoft.org/schema/mule/apikit http://www.mulesoft.org/schema/mule/apikit/current/mule-apikit.xsd
               http://www.springframework.org/schema/beans http://www.springframework.org/schema/beans/spring-beans-current.xsd">

	<!-- Apikit HTTP configuration, referenced from domain when normally run or deployed -->
	<http:listener-config name="api-httpListenerConfig" host="${proxy-service.host}" port="${proxy-service.port}" doc:name="HTTP Listener Configuration"/>
		
</mule>
